<?xml version="1.0" encoding="UTF-8"?>
<!-- Generated by org.testng.reporters.JUnitXMLReporter -->
<testsuite hostname="DESKTOP-63VVHER" name="ScreenTest_Negative_DeleteLabel" tests="1" failures="1" timestamp="18 Dec 2017 08:47:49 GMT" time="126.668" errors="0">
  <testcase name="doLogin" time="125.915" classname="com.tesco.pom.testcases.ScreenTest_Positive_Cookies">
    <failure type="java.lang.AssertionError" message="Privacy policy and cookies Resolution NOT appropriate">
      <![CDATA[java.lang.AssertionError: Privacy policy and cookies Resolution NOT appropriate
	at com.tesco.pom.testcases.base.BaseTest.reportFailure(BaseTest.java:150)
	at com.tesco.pom.testcases.ScreenTest_Positive_Cookies.doLogin(ScreenTest_Positive_Cookies.java:71)
... Removed 24 stack frames]]>
    </failure>
  </testcase> <!-- doLogin -->
</testsuite> <!-- ScreenTest_Negative_DeleteLabel -->
