<?xml version="1.0" encoding="UTF-8"?>
<!-- Generated by org.testng.reporters.JUnitXMLReporter -->
<testsuite hostname="DESKTOP-63VVHER" name="ScreenTest_Negative_LetterColoring" tests="1" failures="1" timestamp="18 Dec 2017 08:45:43 GMT" time="126.445" errors="0">
  <testcase name="doLogin" time="125.635" classname="com.tesco.pom.testcases.ScreenTest_Negative_AcceptAndCloseDelete">
    <failure type="java.lang.AssertionError" message="Privacy policy and cookies Resolution NOT appropriate">
      <![CDATA[java.lang.AssertionError: Privacy policy and cookies Resolution NOT appropriate
	at com.tesco.pom.testcases.base.BaseTest.reportFailure(BaseTest.java:150)
	at com.tesco.pom.testcases.ScreenTest_Negative_AcceptAndCloseDelete.doLogin(ScreenTest_Negative_AcceptAndCloseDelete.java:72)
... Removed 24 stack frames]]>
    </failure>
  </testcase> <!-- doLogin -->
</testsuite> <!-- ScreenTest_Negative_LetterColoring -->
